2023-03-17T12:04:39.336+05:30  INFO 5152 --- [main] c.e.C.CricketAppMongoAndEsApplication    : Starting CricketAppMongoAndEsApplication using Java 19.0.2 with PID 5152 (/Users/mmuthusamy/Desktop/CricketAppMongoAndES/build/classes/java/main started by mmuthusamy in /Users/mmuthusamy/Desktop/CricketAppMongoAndES)
2023-03-17T12:04:39.337+05:30  INFO 5152 --- [main] c.e.C.CricketAppMongoAndEsApplication    : No active profile set, falling back to 1 default profile: "default"
2023-03-17T12:04:39.594+05:30  INFO 5152 --- [main] .s.d.r.c.RepositoryConfigurationDelegate : Multiple Spring Data modules found, entering strict repository configuration mode
2023-03-17T12:04:39.594+05:30  INFO 5152 --- [main] .s.d.r.c.RepositoryConfigurationDelegate : Bootstrapping Spring Data Elasticsearch repositories in DEFAULT mode.
2023-03-17T12:04:39.618+05:30  INFO 5152 --- [main] .s.d.r.c.RepositoryConfigurationDelegate : Finished Spring Data repository scanning in 21 ms. Found 5 Elasticsearch repository interfaces.
2023-03-17T12:04:39.618+05:30  INFO 5152 --- [main] .s.d.r.c.RepositoryConfigurationDelegate : Multiple Spring Data modules found, entering strict repository configuration mode
2023-03-17T12:04:39.618+05:30  INFO 5152 --- [main] .s.d.r.c.RepositoryConfigurationDelegate : Bootstrapping Spring Data MongoDB repositories in DEFAULT mode.
2023-03-17T12:04:39.627+05:30  INFO 5152 --- [main] .s.d.r.c.RepositoryConfigurationDelegate : Finished Spring Data repository scanning in 8 ms. Found 5 MongoDB repository interfaces.
2023-03-17T12:04:39.718+05:30  INFO 5152 --- [main] .s.d.r.c.RepositoryConfigurationDelegate : Multiple Spring Data modules found, entering strict repository configuration mode
2023-03-17T12:04:39.718+05:30  INFO 5152 --- [main] .s.d.r.c.RepositoryConfigurationDelegate : Bootstrapping Spring Data Reactive Elasticsearch repositories in DEFAULT mode.
2023-03-17T12:04:39.733+05:30  INFO 5152 --- [main] .s.d.r.c.RepositoryConfigurationDelegate : Finished Spring Data repository scanning in 14 ms. Found 0 Reactive Elasticsearch repository interfaces.
2023-03-17T12:04:39.972+05:30  INFO 5152 --- [main] o.s.b.w.embedded.tomcat.TomcatWebServer  : Tomcat initialized with port(s): 8080 (http)
2023-03-17T12:04:39.977+05:30  INFO 5152 --- [main] o.apache.catalina.core.StandardService   : Starting service [Tomcat]
2023-03-17T12:04:39.977+05:30  INFO 5152 --- [main] o.apache.catalina.core.StandardEngine    : Starting Servlet engine: [Apache Tomcat/10.1.5]
2023-03-17T12:04:40.032+05:30  INFO 5152 --- [main] o.a.c.c.C.[Tomcat].[localhost].[/]       : Initializing Spring embedded WebApplicationContext
2023-03-17T12:04:40.033+05:30  INFO 5152 --- [main] w.s.c.ServletWebServerApplicationContext : Root WebApplicationContext: initialization completed in 669 ms
2023-03-17T12:04:40.057+05:30  INFO 5152 --- [main] f.a.AutowiredAnnotationBeanPostProcessor : Autowired annotation is not supported on static fields: public static boolean com.example.CricketAppMongoAndES.configuration.Config.useMongoDatabase
2023-03-17T12:04:40.128+05:30  INFO 5152 --- [main] org.mongodb.driver.client                : MongoClient with metadata {"driver": {"name": "mongo-java-driver|sync|spring-boot", "version": "4.8.2"}, "os": {"type": "Darwin", "name": "Mac OS X", "architecture": "aarch64", "version": "12.3"}, "platform": "Java/Oracle Corporation/19.0.2+7-44"} created with settings MongoClientSettings{readPreference=primary, writeConcern=WriteConcern{w=null, wTimeout=null ms, journal=null}, retryWrites=true, retryReads=true, readConcern=ReadConcern{level=null}, credential=null, streamFactoryFactory=null, commandListeners=[], codecRegistry=ProvidersCodecRegistry{codecProviders=[ValueCodecProvider{}, BsonValueCodecProvider{}, DBRefCodecProvider{}, DBObjectCodecProvider{}, DocumentCodecProvider{}, CollectionCodecProvider{}, IterableCodecProvider{}, MapCodecProvider{}, GeoJsonCodecProvider{}, GridFSFileCodecProvider{}, Jsr310CodecProvider{}, JsonObjectCodecProvider{}, BsonCodecProvider{}, EnumCodecProvider{}, com.mongodb.Jep395RecordCodecProvider@56382bc9]}, clusterSettings={hosts=[localhost:27017], srvServiceName=mongodb, mode=SINGLE, requiredClusterType=UNKNOWN, requiredReplicaSetName='null', serverSelector='null', clusterListeners='[]', serverSelectionTimeout='30000 ms', localThreshold='30000 ms'}, socketSettings=SocketSettings{connectTimeoutMS=10000, readTimeoutMS=0, receiveBufferSize=0, sendBufferSize=0}, heartbeatSocketSettings=SocketSettings{connectTimeoutMS=10000, readTimeoutMS=10000, receiveBufferSize=0, sendBufferSize=0}, connectionPoolSettings=ConnectionPoolSettings{maxSize=100, minSize=0, maxWaitTimeMS=120000, maxConnectionLifeTimeMS=0, maxConnectionIdleTimeMS=0, maintenanceInitialDelayMS=0, maintenanceFrequencyMS=60000, connectionPoolListeners=[], maxConnecting=2}, serverSettings=ServerSettings{heartbeatFrequencyMS=10000, minHeartbeatFrequencyMS=500, serverListeners='[]', serverMonitorListeners='[]'}, sslSettings=SslSettings{enabled=false, invalidHostNameAllowed=false, context=null}, applicationName='null', compressorList=[], uuidRepresentation=JAVA_LEGACY, serverApi=null, autoEncryptionSettings=null, contextProvider=null}
2023-03-17T12:04:40.153+05:30  INFO 5152 --- [cluster-ClusterId{value='64140a00559149044859eb17', description='null'}-localhost:27017] org.mongodb.driver.cluster               : Monitor thread successfully connected to server with description ServerDescription{address=localhost:27017, type=STANDALONE, state=CONNECTED, ok=true, minWireVersion=0, maxWireVersion=13, maxDocumentSize=16777216, logicalSessionTimeoutMinutes=30, roundTripTimeNanos=14196750}
2023-03-17T12:04:40.515+05:30  WARN 5152 --- [main] org.elasticsearch.client.RestClient      : request [HEAD http://localhost:9200/matches] returned 1 warnings: [299 Elasticsearch-7.17.4-79878662c54c886ae89206c685d9f1051a9d6411 "Elasticsearch built-in security features are not enabled. Without authentication, your cluster could be accessible to anyone. See https://www.elastic.co/guide/en/elasticsearch/reference/7.17/security-minimal-setup.html to enable security."]
2023-03-17T12:04:40.548+05:30  WARN 5152 --- [main] org.elasticsearch.client.RestClient      : request [HEAD http://localhost:9200/match_status] returned 1 warnings: [299 Elasticsearch-7.17.4-79878662c54c886ae89206c685d9f1051a9d6411 "Elasticsearch built-in security features are not enabled. Without authentication, your cluster could be accessible to anyone. See https://www.elastic.co/guide/en/elasticsearch/reference/7.17/security-minimal-setup.html to enable security."]
2023-03-17T12:04:40.555+05:30  WARN 5152 --- [main] org.elasticsearch.client.RestClient      : request [HEAD http://localhost:9200/teams] returned 1 warnings: [299 Elasticsearch-7.17.4-79878662c54c886ae89206c685d9f1051a9d6411 "Elasticsearch built-in security features are not enabled. Without authentication, your cluster could be accessible to anyone. See https://www.elastic.co/guide/en/elasticsearch/reference/7.17/security-minimal-setup.html to enable security."]
2023-03-17T12:04:40.571+05:30  WARN 5152 --- [main] org.elasticsearch.client.RestClient      : request [HEAD http://localhost:9200/player_stats] returned 1 warnings: [299 Elasticsearch-7.17.4-79878662c54c886ae89206c685d9f1051a9d6411 "Elasticsearch built-in security features are not enabled. Without authentication, your cluster could be accessible to anyone. See https://www.elastic.co/guide/en/elasticsearch/reference/7.17/security-minimal-setup.html to enable security."]
2023-03-17T12:04:40.592+05:30  WARN 5152 --- [main] org.elasticsearch.client.RestClient      : request [HEAD http://localhost:9200/score_recorder] returned 1 warnings: [299 Elasticsearch-7.17.4-79878662c54c886ae89206c685d9f1051a9d6411 "Elasticsearch built-in security features are not enabled. Without authentication, your cluster could be accessible to anyone. See https://www.elastic.co/guide/en/elasticsearch/reference/7.17/security-minimal-setup.html to enable security."]
2023-03-17T12:04:40.669+05:30 DEBUG 5152 --- [main] s.w.s.m.m.a.RequestMappingHandlerAdapter : ControllerAdvice beans: 0 @ModelAttribute, 0 @InitBinder, 1 RequestBodyAdvice, 1 ResponseBodyAdvice
2023-03-17T12:04:40.714+05:30 DEBUG 5152 --- [main] s.w.s.m.m.a.RequestMappingHandlerMapping : 41 mappings in 'requestMappingHandlerMapping'
2023-03-17T12:04:40.721+05:30 DEBUG 5152 --- [main] o.s.w.s.handler.SimpleUrlHandlerMapping  : Patterns [/webjars/**, /**] in 'resourceHandlerMapping'
2023-03-17T12:04:40.725+05:30 DEBUG 5152 --- [main] .m.m.a.ExceptionHandlerExceptionResolver : ControllerAdvice beans: 1 @ExceptionHandler, 1 ResponseBodyAdvice
2023-03-17T12:04:40.754+05:30  INFO 5152 --- [main] o.s.b.w.embedded.tomcat.TomcatWebServer  : Tomcat started on port(s): 8080 (http) with context path ''
2023-03-17T12:04:40.759+05:30  INFO 5152 --- [main] c.e.C.CricketAppMongoAndEsApplication    : Started CricketAppMongoAndEsApplication in 1.654 seconds (process running for 1.86)
2023-03-17T12:05:00.043+05:30  INFO 5152 --- [http-nio-8080-exec-1] o.a.c.c.C.[Tomcat].[localhost].[/]       : Initializing Spring DispatcherServlet 'dispatcherServlet'
2023-03-17T12:05:00.044+05:30  INFO 5152 --- [http-nio-8080-exec-1] o.s.web.servlet.DispatcherServlet        : Initializing Servlet 'dispatcherServlet'
2023-03-17T12:05:00.044+05:30 DEBUG 5152 --- [http-nio-8080-exec-1] o.s.web.servlet.DispatcherServlet        : Detected StandardServletMultipartResolver
2023-03-17T12:05:00.044+05:30 DEBUG 5152 --- [http-nio-8080-exec-1] o.s.web.servlet.DispatcherServlet        : Detected AcceptHeaderLocaleResolver
2023-03-17T12:05:00.044+05:30 DEBUG 5152 --- [http-nio-8080-exec-1] o.s.web.servlet.DispatcherServlet        : Detected FixedThemeResolver
2023-03-17T12:05:00.045+05:30 DEBUG 5152 --- [http-nio-8080-exec-1] o.s.web.servlet.DispatcherServlet        : Detected org.springframework.web.servlet.view.DefaultRequestToViewNameTranslator@c921ff
2023-03-17T12:05:00.045+05:30 DEBUG 5152 --- [http-nio-8080-exec-1] o.s.web.servlet.DispatcherServlet        : Detected org.springframework.web.servlet.support.SessionFlashMapManager@4551f75d
2023-03-17T12:05:00.045+05:30 DEBUG 5152 --- [http-nio-8080-exec-1] o.s.web.servlet.DispatcherServlet        : enableLoggingRequestDetails='false': request parameters and headers will be masked to prevent unsafe logging of potentially sensitive data
2023-03-17T12:05:00.045+05:30  INFO 5152 --- [http-nio-8080-exec-1] o.s.web.servlet.DispatcherServlet        : Completed initialization in 1 ms
2023-03-17T12:05:00.049+05:30 DEBUG 5152 --- [http-nio-8080-exec-1] o.s.web.servlet.DispatcherServlet        : POST "/cricket-game/create-team?name=Philiphines", parameters={masked}
2023-03-17T12:05:00.056+05:30 DEBUG 5152 --- [http-nio-8080-exec-1] s.w.s.m.m.a.RequestMappingHandlerMapping : Mapped to com.example.CricketAppMongoAndES.controller.controllermongodb.TeamController#createTeam(String)
2023-03-17T12:05:00.258+05:30 DEBUG 5152 --- [http-nio-8080-exec-1] o.s.w.s.m.m.a.HttpEntityMethodProcessor  : Using 'application/json', given [*/*] and supported [application/json, application/*+json]
2023-03-17T12:05:00.262+05:30 DEBUG 5152 --- [http-nio-8080-exec-1] o.s.w.s.m.m.a.HttpEntityMethodProcessor  : Writing [Team(teamId=11, teamName=Philiphines, matchesPlayed=1, players=[Player(id=111, name=Donnie Gusikowsk (truncated)...]
2023-03-17T12:05:00.272+05:30 DEBUG 5152 --- [http-nio-8080-exec-1] o.s.web.servlet.DispatcherServlet        : Completed 201 CREATED
2023-03-17T12:05:10.657+05:30 DEBUG 5152 --- [http-nio-8080-exec-3] o.s.web.servlet.DispatcherServlet        : GET "/cricket-game/teams", parameters={}
2023-03-17T12:05:10.708+05:30 DEBUG 5152 --- [http-nio-8080-exec-3] s.w.s.m.m.a.RequestMappingHandlerMapping : Mapped to com.example.CricketAppMongoAndES.controller.controllermongodb.TeamController#getALlTeams()
2023-03-17T12:05:10.751+05:30 DEBUG 5152 --- [http-nio-8080-exec-3] o.s.w.s.m.m.a.HttpEntityMethodProcessor  : Using 'application/json', given [*/*] and supported [application/json, application/*+json]
2023-03-17T12:05:10.752+05:30 DEBUG 5152 --- [http-nio-8080-exec-3] o.s.w.s.m.m.a.HttpEntityMethodProcessor  : Writing [[Team(teamId=1, teamName=India, matchesPlayed=1, players=[Player(id=1, name=Rex Effertz I, score=0,  (truncated)...]
2023-03-17T12:05:10.754+05:30 DEBUG 5152 --- [http-nio-8080-exec-3] o.s.web.servlet.DispatcherServlet        : Completed 200 OK
2023-03-17T12:05:20.582+05:30 DEBUG 5152 --- [http-nio-8080-exec-4] o.s.web.servlet.DispatcherServlet        : POST "/cricket-game/match/create-match?format=T20&id1=1&id2=11", parameters={masked}
2023-03-17T12:05:20.584+05:30 DEBUG 5152 --- [http-nio-8080-exec-4] s.w.s.m.m.a.RequestMappingHandlerMapping : Mapped to com.example.CricketAppMongoAndES.controller.controllermongodb.MatchController#createMatch(long, long, String)
2023-03-17T12:05:20.617+05:30 DEBUG 5152 --- [http-nio-8080-exec-4] o.s.w.s.m.m.a.HttpEntityMethodProcessor  : Using 'application/json', given [*/*] and supported [application/json, application/*+json]
2023-03-17T12:05:20.622+05:30 DEBUG 5152 --- [http-nio-8080-exec-4] o.s.w.s.m.m.a.HttpEntityMethodProcessor  : Writing [Match(matchId=7, matchFormat=T20, teamsPlayed=[Team(teamId=1, teamName=India, matchesPlayed=1, playe (truncated)...]
2023-03-17T12:05:20.623+05:30 DEBUG 5152 --- [http-nio-8080-exec-4] o.s.web.servlet.DispatcherServlet        : Completed 201 CREATED
2023-03-17T12:05:24.522+05:30 DEBUG 5152 --- [http-nio-8080-exec-5] o.s.web.servlet.DispatcherServlet        : GET "/cricket-game/start-match?id=7&format=T20", parameters={masked}
2023-03-17T12:05:24.525+05:30 DEBUG 5152 --- [http-nio-8080-exec-5] s.w.s.m.m.a.RequestMappingHandlerMapping : Mapped to com.example.CricketAppMongoAndES.controller.controllermongodb.GameController#startMatch(long, String)
2023-03-17T12:05:25.139+05:30 DEBUG 5152 --- [http-nio-8080-exec-5] o.s.w.s.m.m.a.HttpEntityMethodProcessor  : Using 'text/plain', given [*/*] and supported [text/plain, */*, application/json, application/*+json]
2023-03-17T12:05:25.140+05:30 DEBUG 5152 --- [http-nio-8080-exec-5] o.s.w.s.m.m.a.HttpEntityMethodProcessor  : Writing ["Match is completed"]
2023-03-17T12:05:25.140+05:30 DEBUG 5152 --- [http-nio-8080-exec-5] o.s.web.servlet.DispatcherServlet        : Completed 200 OK
2023-03-17T13:40:06.789+05:30  INFO 7506 --- [main] c.e.C.CricketAppMongoAndEsApplication    : Starting CricketAppMongoAndEsApplication using Java 19.0.2 with PID 7506 (/Users/mmuthusamy/Desktop/CricketAppMongoAndES/build/classes/java/main started by mmuthusamy in /Users/mmuthusamy/Desktop/CricketAppMongoAndES)
2023-03-17T13:40:06.791+05:30  INFO 7506 --- [main] c.e.C.CricketAppMongoAndEsApplication    : No active profile set, falling back to 1 default profile: "default"
2023-03-17T13:40:07.045+05:30  INFO 7506 --- [main] .s.d.r.c.RepositoryConfigurationDelegate : Multiple Spring Data modules found, entering strict repository configuration mode
2023-03-17T13:40:07.045+05:30  INFO 7506 --- [main] .s.d.r.c.RepositoryConfigurationDelegate : Bootstrapping Spring Data Elasticsearch repositories in DEFAULT mode.
2023-03-17T13:40:07.070+05:30  INFO 7506 --- [main] .s.d.r.c.RepositoryConfigurationDelegate : Finished Spring Data repository scanning in 22 ms. Found 5 Elasticsearch repository interfaces.
2023-03-17T13:40:07.071+05:30  INFO 7506 --- [main] .s.d.r.c.RepositoryConfigurationDelegate : Multiple Spring Data modules found, entering strict repository configuration mode
2023-03-17T13:40:07.071+05:30  INFO 7506 --- [main] .s.d.r.c.RepositoryConfigurationDelegate : Bootstrapping Spring Data MongoDB repositories in DEFAULT mode.
2023-03-17T13:40:07.079+05:30  INFO 7506 --- [main] .s.d.r.c.RepositoryConfigurationDelegate : Finished Spring Data repository scanning in 7 ms. Found 5 MongoDB repository interfaces.
2023-03-17T13:40:07.164+05:30  INFO 7506 --- [main] .s.d.r.c.RepositoryConfigurationDelegate : Multiple Spring Data modules found, entering strict repository configuration mode
2023-03-17T13:40:07.164+05:30  INFO 7506 --- [main] .s.d.r.c.RepositoryConfigurationDelegate : Bootstrapping Spring Data Reactive Elasticsearch repositories in DEFAULT mode.
2023-03-17T13:40:07.178+05:30  INFO 7506 --- [main] .s.d.r.c.RepositoryConfigurationDelegate : Finished Spring Data repository scanning in 14 ms. Found 0 Reactive Elasticsearch repository interfaces.
2023-03-17T13:40:07.409+05:30  INFO 7506 --- [main] o.s.b.w.embedded.tomcat.TomcatWebServer  : Tomcat initialized with port(s): 8080 (http)
2023-03-17T13:40:07.414+05:30  INFO 7506 --- [main] o.apache.catalina.core.StandardService   : Starting service [Tomcat]
2023-03-17T13:40:07.414+05:30  INFO 7506 --- [main] o.apache.catalina.core.StandardEngine    : Starting Servlet engine: [Apache Tomcat/10.1.5]
2023-03-17T13:40:07.467+05:30  INFO 7506 --- [main] o.a.c.c.C.[Tomcat].[localhost].[/]       : Initializing Spring embedded WebApplicationContext
2023-03-17T13:40:07.467+05:30  INFO 7506 --- [main] w.s.c.ServletWebServerApplicationContext : Root WebApplicationContext: initialization completed in 645 ms
2023-03-17T13:40:07.495+05:30  INFO 7506 --- [main] f.a.AutowiredAnnotationBeanPostProcessor : Autowired annotation is not supported on static fields: public static boolean com.example.CricketAppMongoAndES.configuration.Config.useMongoDatabase
2023-03-17T13:40:07.558+05:30  INFO 7506 --- [main] org.mongodb.driver.client                : MongoClient with metadata {"driver": {"name": "mongo-java-driver|sync|spring-boot", "version": "4.8.2"}, "os": {"type": "Darwin", "name": "Mac OS X", "architecture": "aarch64", "version": "12.3"}, "platform": "Java/Oracle Corporation/19.0.2+7-44"} created with settings MongoClientSettings{readPreference=primary, writeConcern=WriteConcern{w=null, wTimeout=null ms, journal=null}, retryWrites=true, retryReads=true, readConcern=ReadConcern{level=null}, credential=null, streamFactoryFactory=null, commandListeners=[], codecRegistry=ProvidersCodecRegistry{codecProviders=[ValueCodecProvider{}, BsonValueCodecProvider{}, DBRefCodecProvider{}, DBObjectCodecProvider{}, DocumentCodecProvider{}, CollectionCodecProvider{}, IterableCodecProvider{}, MapCodecProvider{}, GeoJsonCodecProvider{}, GridFSFileCodecProvider{}, Jsr310CodecProvider{}, JsonObjectCodecProvider{}, BsonCodecProvider{}, EnumCodecProvider{}, com.mongodb.Jep395RecordCodecProvider@34585ac9]}, clusterSettings={hosts=[localhost:27017], srvServiceName=mongodb, mode=SINGLE, requiredClusterType=UNKNOWN, requiredReplicaSetName='null', serverSelector='null', clusterListeners='[]', serverSelectionTimeout='30000 ms', localThreshold='30000 ms'}, socketSettings=SocketSettings{connectTimeoutMS=10000, readTimeoutMS=0, receiveBufferSize=0, sendBufferSize=0}, heartbeatSocketSettings=SocketSettings{connectTimeoutMS=10000, readTimeoutMS=10000, receiveBufferSize=0, sendBufferSize=0}, connectionPoolSettings=ConnectionPoolSettings{maxSize=100, minSize=0, maxWaitTimeMS=120000, maxConnectionLifeTimeMS=0, maxConnectionIdleTimeMS=0, maintenanceInitialDelayMS=0, maintenanceFrequencyMS=60000, connectionPoolListeners=[], maxConnecting=2}, serverSettings=ServerSettings{heartbeatFrequencyMS=10000, minHeartbeatFrequencyMS=500, serverListeners='[]', serverMonitorListeners='[]'}, sslSettings=SslSettings{enabled=false, invalidHostNameAllowed=false, context=null}, applicationName='null', compressorList=[], uuidRepresentation=JAVA_LEGACY, serverApi=null, autoEncryptionSettings=null, contextProvider=null}
2023-03-17T13:40:07.583+05:30  INFO 7506 --- [cluster-ClusterId{value='6414205f44418a75f911cf91', description='null'}-localhost:27017] org.mongodb.driver.cluster               : Monitor thread successfully connected to server with description ServerDescription{address=localhost:27017, type=STANDALONE, state=CONNECTED, ok=true, minWireVersion=0, maxWireVersion=13, maxDocumentSize=16777216, logicalSessionTimeoutMinutes=30, roundTripTimeNanos=17576750}
2023-03-17T13:40:07.947+05:30  WARN 7506 --- [main] org.elasticsearch.client.RestClient      : request [HEAD http://localhost:9200/matches] returned 1 warnings: [299 Elasticsearch-7.17.4-79878662c54c886ae89206c685d9f1051a9d6411 "Elasticsearch built-in security features are not enabled. Without authentication, your cluster could be accessible to anyone. See https://www.elastic.co/guide/en/elasticsearch/reference/7.17/security-minimal-setup.html to enable security."]
2023-03-17T13:40:07.988+05:30  WARN 7506 --- [main] org.elasticsearch.client.RestClient      : request [HEAD http://localhost:9200/match_status] returned 1 warnings: [299 Elasticsearch-7.17.4-79878662c54c886ae89206c685d9f1051a9d6411 "Elasticsearch built-in security features are not enabled. Without authentication, your cluster could be accessible to anyone. See https://www.elastic.co/guide/en/elasticsearch/reference/7.17/security-minimal-setup.html to enable security."]
2023-03-17T13:40:07.996+05:30  WARN 7506 --- [main] org.elasticsearch.client.RestClient      : request [HEAD http://localhost:9200/teams] returned 1 warnings: [299 Elasticsearch-7.17.4-79878662c54c886ae89206c685d9f1051a9d6411 "Elasticsearch built-in security features are not enabled. Without authentication, your cluster could be accessible to anyone. See https://www.elastic.co/guide/en/elasticsearch/reference/7.17/security-minimal-setup.html to enable security."]
2023-03-17T13:40:08.010+05:30  WARN 7506 --- [main] org.elasticsearch.client.RestClient      : request [HEAD http://localhost:9200/player_stats] returned 1 warnings: [299 Elasticsearch-7.17.4-79878662c54c886ae89206c685d9f1051a9d6411 "Elasticsearch built-in security features are not enabled. Without authentication, your cluster could be accessible to anyone. See https://www.elastic.co/guide/en/elasticsearch/reference/7.17/security-minimal-setup.html to enable security."]
2023-03-17T13:40:08.031+05:30  WARN 7506 --- [main] org.elasticsearch.client.RestClient      : request [HEAD http://localhost:9200/score_recorder] returned 1 warnings: [299 Elasticsearch-7.17.4-79878662c54c886ae89206c685d9f1051a9d6411 "Elasticsearch built-in security features are not enabled. Without authentication, your cluster could be accessible to anyone. See https://www.elastic.co/guide/en/elasticsearch/reference/7.17/security-minimal-setup.html to enable security."]
2023-03-17T13:40:08.104+05:30 DEBUG 7506 --- [main] s.w.s.m.m.a.RequestMappingHandlerAdapter : ControllerAdvice beans: 0 @ModelAttribute, 0 @InitBinder, 1 RequestBodyAdvice, 1 ResponseBodyAdvice
2023-03-17T13:40:08.147+05:30 DEBUG 7506 --- [main] s.w.s.m.m.a.RequestMappingHandlerMapping : 41 mappings in 'requestMappingHandlerMapping'
2023-03-17T13:40:08.153+05:30 DEBUG 7506 --- [main] o.s.w.s.handler.SimpleUrlHandlerMapping  : Patterns [/webjars/**, /**] in 'resourceHandlerMapping'
2023-03-17T13:40:08.157+05:30 DEBUG 7506 --- [main] .m.m.a.ExceptionHandlerExceptionResolver : ControllerAdvice beans: 1 @ExceptionHandler, 1 ResponseBodyAdvice
2023-03-17T13:40:08.186+05:30  INFO 7506 --- [main] o.s.b.w.embedded.tomcat.TomcatWebServer  : Tomcat started on port(s): 8080 (http) with context path ''
2023-03-17T13:40:08.190+05:30  INFO 7506 --- [main] c.e.C.CricketAppMongoAndEsApplication    : Started CricketAppMongoAndEsApplication in 1.635 seconds (process running for 1.799)
